-------------------------------------------------------------------------------
Test set: TestSuite
-------------------------------------------------------------------------------
Tests run: 3, Failures: 1, Errors: 0, Skipped: 0, Time elapsed: 153.495 s <<< FAILURE! - in TestSuite
Singapore_malaysia(com.OnlineTravel.Cruise_Travel)  Time elapsed: 28.492 s  <<< FAILURE!
java.lang.AssertionError: expected [21000] but found [20000]
	at com.OnlineTravel.Cruise_Travel.Singapore_malaysia(Cruise_Travel.java:67)

